2023-05-23 09:34:54,150 - baseClass.Keywords -DEBUG - Navigate URL: https://demo.guru99.com/test/delete_customer.php
2023-05-23 09:34:54,154 - baseClass.Keywords -DEBUG - TimeTaken for URL Launched: 1724 milliseconds
2023-05-23 09:34:55,445 - baseClass.Keywords -DEBUG - Input value given for: Admin
2023-05-23 09:34:56,688 - baseClass.Keywords -DEBUG - Clicked the element: SubmitCustomerForm
2023-05-23 09:34:59,721 - baseClass.Keywords -DEBUG - Switched - Alert Message are: Do you really want to delete this Customer?
2023-05-23 09:34:59,729 - baseClass.Keywords -DEBUG - Alert Accepted
2023-05-23 09:35:00,650 - baseClass.Keywords -DEBUG - Acknowledged the Alert
2023-05-23 09:35:01,095 - baseClass.Keywords -DEBUG - Navigate URL: https://demo.guru99.com/test/delete_customer.php
2023-05-23 09:35:01,105 - baseClass.Keywords -DEBUG - TimeTaken for URL Launched: 445 milliseconds
2023-05-23 09:35:02,391 - baseClass.Keywords -DEBUG - Input value given for: Admin
2023-05-23 09:35:03,639 - baseClass.Keywords -DEBUG - Clicked the element: SubmitCustomerForm
2023-05-23 09:35:06,664 - baseClass.Keywords -DEBUG - Switched - Alert Message are: Do you really want to delete this Customer?
2023-05-23 09:35:06,674 - baseClass.Keywords -DEBUG - Alert Dismissed
2023-05-23 09:35:08,864 - baseClass.Keywords -DEBUG - Quit all the browser
2023-05-23 12:16:24,928 - baseClass.Keywords -DEBUG - Navigate URL: https://demo.guru99.com/test/delete_customer.php
2023-05-23 12:16:24,933 - baseClass.Keywords -DEBUG - TimeTaken for URL Launched: 1780 milliseconds
2023-05-23 12:16:26,303 - baseClass.Keywords -DEBUG - Input value given for: Admin
2023-05-23 12:16:27,637 - baseClass.Keywords -DEBUG - Clicked the element: SubmitCustomerForm
2023-05-23 12:16:30,670 - baseClass.Keywords -DEBUG - Switched - Alert Message are: Do you really want to delete this Customer?
2023-05-23 12:16:30,676 - baseClass.Keywords -DEBUG - Alert Accepted
2023-05-23 12:16:31,600 - baseClass.Keywords -DEBUG - Acknowledged the Alert
2023-05-23 12:16:32,045 - baseClass.Keywords -DEBUG - Navigate URL: https://demo.guru99.com/test/delete_customer.php
2023-05-23 12:16:32,045 - baseClass.Keywords -DEBUG - TimeTaken for URL Launched: 444 milliseconds
2023-05-23 12:16:33,360 - baseClass.Keywords -DEBUG - Input value given for: Admin
2023-05-23 12:16:34,637 - baseClass.Keywords -DEBUG - Clicked the element: SubmitCustomerForm
2023-05-23 12:16:37,655 - baseClass.Keywords -DEBUG - Switched - Alert Message are: Do you really want to delete this Customer?
2023-05-23 12:16:37,664 - baseClass.Keywords -DEBUG - Alert Dismissed
2023-05-23 12:16:39,885 - baseClass.Keywords -DEBUG - Quit all the browser
2023-05-23 12:18:18,591 - baseClass.Keywords -DEBUG - Navigate URL: https://demo.guru99.com/test/delete_customer.php
2023-05-23 12:18:18,595 - baseClass.Keywords -DEBUG - TimeTaken for URL Launched: 1781 milliseconds
2023-05-23 12:18:19,938 - baseClass.Keywords -DEBUG - Input value given for: Admin
2023-05-23 12:18:21,183 - baseClass.Keywords -DEBUG - Clicked the element: SubmitCustomerForm
2023-05-23 12:18:24,220 - baseClass.Keywords -DEBUG - Switched - Alert Message are: Do you really want to delete this Customer?
2023-05-23 12:18:24,232 - baseClass.Keywords -DEBUG - Alert Accepted
2023-05-23 12:18:25,145 - baseClass.Keywords -DEBUG - Acknowledged the Alert
2023-05-23 12:18:25,615 - baseClass.Keywords -DEBUG - Navigate URL: https://demo.guru99.com/test/delete_customer.php
2023-05-23 12:18:25,615 - baseClass.Keywords -DEBUG - TimeTaken for URL Launched: 469 milliseconds
2023-05-23 12:18:26,858 - baseClass.Keywords -DEBUG - Input value given for: Admin
2023-05-23 12:18:28,129 - baseClass.Keywords -DEBUG - Clicked the element: SubmitCustomerForm
2023-05-23 12:18:31,157 - baseClass.Keywords -DEBUG - Switched - Alert Message are: Do you really want to delete this Customer?
2023-05-23 12:18:31,168 - baseClass.Keywords -DEBUG - Alert Dismissed
2023-05-23 12:18:33,422 - baseClass.Keywords -DEBUG - Quit all the browser
2023-05-23 12:21:20,506 - baseClass.Keywords -DEBUG - Navigate URL: https://opensource-demo.orangehrmlive.com/web/index.php/auth/login
2023-05-23 12:21:20,512 - baseClass.Keywords -DEBUG - TimeTaken for URL Launched: 5352 milliseconds
2023-05-23 12:21:20,820 - baseClass.Keywords -DEBUG - Actual Title of the page: OrangeHRM
2023-05-23 12:21:20,946 - baseClass.Keywords -DEBUG - Actual Current URL of the page: https://opensource-demo.orangehrmlive.com/web/index.php/auth/login
2023-05-23 12:21:22,053 - baseClass.Keywords -DEBUG - Input value given for: Admin
2023-05-23 12:21:23,399 - baseClass.Keywords -DEBUG - Input value given for: admin123
2023-05-23 12:21:24,661 - baseClass.Keywords -DEBUG - Clicked the element: LoginButton
2023-05-23 12:21:27,881 - baseClass.Keywords -DEBUG - Clicked the element: Admin
2023-05-23 12:21:29,671 - baseClass.Keywords -DEBUG - Input value passed using Actions Techniques i.e. lokeshwaran
2023-05-23 12:21:30,825 - baseClass.Keywords -DEBUG - Double Click performed using Actions Techniques
2023-05-23 12:21:31,967 - baseClass.Keywords -DEBUG - Context Click or Right Click performed using Actions Techniques
2023-05-23 12:21:35,373 - baseClass.Keywords -DEBUG - Input value passed along with Keystroke using Actions Techniques i.e. lokeshwaran
2023-05-23 12:21:40,478 - baseClass.Keywords -DEBUG - Clicked the element: AddButton
2023-05-23 12:21:41,506 - baseClass.Keywords -DEBUG - ScrollDown till End
2023-05-23 12:21:42,696 - baseClass.Keywords -DEBUG - ScrollUp till Home
2023-05-23 12:21:44,944 - baseClass.Keywords -DEBUG - DropDown button clicked i.e. UserRoleSelection
2023-05-23 12:21:44,963 - baseClass.Keywords -DEBUG - Select the DropDown Value from List Admin
2023-05-23 12:21:45,753 - baseClass.Keywords -DEBUG - Shifted to Next Tab
2023-05-23 12:21:49,459 - baseClass.Keywords -DEBUG - Navigate URL: https://the-internet.herokuapp.com/upload
2023-05-23 12:21:49,459 - baseClass.Keywords -DEBUG - TimeTaken for URL Launched: 3534 milliseconds
2023-05-23 12:21:50,759 - baseClass.Keywords -DEBUG - Copied the Data in Clipboard i.e.C:\Users\Send2\OneDrive\Desktop\STUB Data.txt
2023-05-23 12:21:52,939 - baseClass.Keywords -DEBUG - Clicked the element using Actions Techniques i.e.  ChooseFile
2023-05-23 12:21:57,176 - baseClass.Keywords -DEBUG - File Uploaded
2023-05-23 12:21:58,736 - baseClass.Keywords -DEBUG - Submited the element SubmitUploadedFile
2023-05-23 12:22:00,007 - baseClass.Keywords -DEBUG - Changed to [0] Tab
2023-05-23 12:22:01,279 - baseClass.Keywords -DEBUG - Changed to [1] Tab
2023-05-23 12:22:02,488 - baseClass.Keywords -DEBUG - Changed to [0] Tab
2023-05-23 12:22:03,866 - baseClass.Keywords -DEBUG - Clicked the element using Actions Techniques i.e.  TryLogout
2023-05-23 12:22:05,308 - baseClass.Keywords -DEBUG - Clicked the element using Actions Techniques i.e.  Logout
2023-05-23 12:22:06,639 - baseClass.Keywords -DEBUG - Changed to [1] Tab
2023-05-23 12:22:11,407 - baseClass.Keywords -DEBUG - Navigate URL: https://demo.guru99.com/test/drag_drop.html
2023-05-23 12:22:11,408 - baseClass.Keywords -DEBUG - TimeTaken for URL Launched: 4612 milliseconds
2023-05-23 12:22:11,668 - baseClass.Keywords -DEBUG - Page Srolled till element
2023-05-23 12:22:14,146 - baseClass.Keywords -DEBUG - Element drag and dropped !
2023-05-23 12:22:16,378 - baseClass.Keywords -DEBUG - Changed to [0] Tab
2023-05-23 12:22:17,664 - baseClass.Keywords -DEBUG - Changed to [1] Tab
2023-05-23 12:22:18,238 - baseClass.Keywords -DEBUG - Navigate URL: https://demo.guru99.com/test/delete_customer.php
2023-05-23 12:22:18,238 - baseClass.Keywords -DEBUG - TimeTaken for URL Launched: 384 milliseconds
2023-05-23 12:22:19,625 - baseClass.Keywords -DEBUG - Input value given for: Admin
2023-05-23 12:22:20,934 - baseClass.Keywords -DEBUG - Clicked the element: SubmitCustomerForm
2023-05-23 12:22:23,956 - baseClass.Keywords -DEBUG - Switched - Alert Message are: Do you really want to delete this Customer?
2023-05-23 12:22:23,964 - baseClass.Keywords -DEBUG - Alert Accepted
2023-05-23 12:22:24,874 - baseClass.Keywords -DEBUG - Acknowledged the Alert
2023-05-23 12:22:25,345 - baseClass.Keywords -DEBUG - Navigate URL: https://demo.guru99.com/test/delete_customer.php
2023-05-23 12:22:25,346 - baseClass.Keywords -DEBUG - TimeTaken for URL Launched: 471 milliseconds
2023-05-23 12:22:26,770 - baseClass.Keywords -DEBUG - Input value given for: Admin
2023-05-23 12:22:28,124 - baseClass.Keywords -DEBUG - Clicked the element: SubmitCustomerForm
2023-05-23 12:22:31,146 - baseClass.Keywords -DEBUG - Switched - Alert Message are: Do you really want to delete this Customer?
2023-05-23 12:22:31,152 - baseClass.Keywords -DEBUG - Alert Dismissed
2023-05-23 12:22:33,347 - baseClass.Keywords -DEBUG - Quit all the browser
