2023-05-21 20:57:32,727 [main] DEBUG pack1.Keywords - Navigate URL: https://opensource-demo.orangehrmlive.com/web/index.php/auth/login
2023-05-21 20:57:32,735 [main] DEBUG pack1.Keywords - TimeTaken for URL Launched: 12233 milliseconds
2023-05-21 20:57:33,094 [main] DEBUG pack1.Keywords - Actual Title of the page: OrangeHRM
2023-05-21 20:57:33,372 [main] DEBUG pack1.Keywords - Actual Current URL of the page: https://opensource-demo.orangehrmlive.com/web/index.php/auth/login
2023-05-21 20:57:33,373 [main] ERROR pack1.Keywords - Fail,unable to pass input value: Username
2023-05-21 20:58:36,125 [main] DEBUG pack1.Keywords - Navigate URL: https://opensource-demo.orangehrmlive.com/web/index.php/auth/login
2023-05-21 20:58:36,133 [main] DEBUG pack1.Keywords - TimeTaken for URL Launched: 14995 milliseconds
2023-05-21 20:58:36,508 [main] DEBUG pack1.Keywords - Actual Title of the page: OrangeHRM
2023-05-21 20:58:36,633 [main] DEBUG pack1.Keywords - Actual Current URL of the page: https://opensource-demo.orangehrmlive.com/web/index.php/auth/login
2023-05-21 20:58:37,759 [main] DEBUG pack1.Keywords - Input value given for: Admin
2023-05-21 20:58:39,118 [main] DEBUG pack1.Keywords - Input value given for: admin123
2023-05-21 20:58:41,513 [main] DEBUG pack1.Keywords - Clicked the element: LoginButton
2023-05-21 20:58:44,446 [main] DEBUG pack1.Keywords - Clicked the element: Admin
2023-05-21 20:58:46,275 [main] DEBUG pack1.Keywords - Input value passed using Actions Techniques i.e. lokeshwaran
2023-05-21 20:58:47,435 [main] DEBUG pack1.Keywords - Double Click performed using Actions Techniques
2023-05-21 20:58:48,607 [main] DEBUG pack1.Keywords - Context Click or Right Click performed using Actions Techniques
2023-05-21 20:58:52,100 [main] DEBUG pack1.Keywords - Input value passed along with Keystroke using Actions Techniques i.e. lokeshwaran
2023-05-21 20:58:56,880 [main] DEBUG pack1.Keywords - Clicked the element: AddButton
2023-05-21 20:58:57,894 [main] DEBUG pack1.Keywords - ScrollDown till End
2023-05-21 20:58:59,139 [main] DEBUG pack1.Keywords - ScrollUp till Home
2023-05-21 20:59:01,471 [main] DEBUG pack1.Keywords - DropDown button clicked i.e. UserRoleSelection
2023-05-21 20:59:01,499 [main] DEBUG pack1.Keywords - Select the DropDown Value from List Admin
2023-05-21 20:59:02,367 [main] DEBUG pack1.Keywords - Shifted to Next Tab
2023-05-21 20:59:14,769 [main] DEBUG pack1.Keywords - Navigate URL: https://the-internet.herokuapp.com/upload
2023-05-21 20:59:14,770 [main] DEBUG pack1.Keywords - TimeTaken for URL Launched: 12249 milliseconds
2023-05-21 20:59:16,071 [main] DEBUG pack1.Keywords - Copied the Data in Clipboard i.e.D:\Sketch_1\Git\UI_1\backup\UI_001\XL\Page_1.xlsx
2023-05-21 20:59:18,287 [main] DEBUG pack1.Keywords - Clicked the element using Actions Techniques i.e.  ChooseFile
2023-05-21 20:59:22,510 [main] DEBUG pack1.Keywords - File Uploaded
2023-05-21 20:59:24,240 [main] DEBUG pack1.Keywords - Submited the element SubmitUploadedFile
2023-05-21 20:59:25,542 [main] DEBUG pack1.Keywords - Changed to [0] Tab
2023-05-21 20:59:26,858 [main] DEBUG pack1.Keywords - Changed to [1] Tab
2023-05-21 20:59:28,168 [main] DEBUG pack1.Keywords - Changed to [0] Tab
2023-05-21 20:59:29,673 [main] DEBUG pack1.Keywords - Clicked the element using Actions Techniques i.e.  TryLogout
2023-05-21 20:59:31,039 [main] ERROR pack1.Keywords - Fail,unable to perform Mouse Click: Logout
2023-05-21 21:02:03,258 [main] DEBUG pack1.Keywords - Navigate URL: https://opensource-demo.orangehrmlive.com/web/index.php/auth/login
2023-05-21 21:02:03,266 [main] DEBUG pack1.Keywords - TimeTaken for URL Launched: 14813 milliseconds
2023-05-21 21:02:03,633 [main] DEBUG pack1.Keywords - Actual Title of the page: OrangeHRM
2023-05-21 21:02:03,773 [main] DEBUG pack1.Keywords - Actual Current URL of the page: https://opensource-demo.orangehrmlive.com/web/index.php/auth/login
2023-05-21 21:02:04,876 [main] DEBUG pack1.Keywords - Input value given for: Admin
2023-05-21 21:02:06,307 [main] DEBUG pack1.Keywords - Input value given for: admin123
2023-05-21 21:02:07,655 [main] DEBUG pack1.Keywords - Clicked the element: LoginButton
2023-05-21 21:02:10,840 [main] DEBUG pack1.Keywords - Clicked the element: Admin
2023-05-21 21:02:12,615 [main] DEBUG pack1.Keywords - Input value passed using Actions Techniques i.e. lokeshwaran
2023-05-21 21:02:13,768 [main] DEBUG pack1.Keywords - Double Click performed using Actions Techniques
2023-05-21 21:02:14,950 [main] DEBUG pack1.Keywords - Context Click or Right Click performed using Actions Techniques
2023-05-21 21:02:18,380 [main] DEBUG pack1.Keywords - Input value passed along with Keystroke using Actions Techniques i.e. lokeshwaran
2023-05-21 21:02:23,127 [main] DEBUG pack1.Keywords - Clicked the element: AddButton
2023-05-21 21:02:24,156 [main] DEBUG pack1.Keywords - ScrollDown till End
2023-05-21 21:02:25,376 [main] DEBUG pack1.Keywords - ScrollUp till Home
2023-05-21 21:02:27,647 [main] DEBUG pack1.Keywords - DropDown button clicked i.e. UserRoleSelection
2023-05-21 21:02:27,664 [main] DEBUG pack1.Keywords - Select the DropDown Value from List Admin
2023-05-21 21:02:28,471 [main] DEBUG pack1.Keywords - Shifted to Next Tab
2023-05-21 21:02:38,558 [main] DEBUG pack1.Keywords - Navigate URL: https://the-internet.herokuapp.com/upload
2023-05-21 21:02:38,559 [main] DEBUG pack1.Keywords - TimeTaken for URL Launched: 9876 milliseconds
2023-05-21 21:02:40,110 [main] DEBUG pack1.Keywords - Copied the Data in Clipboard i.e.C:\Users\Send2\OneDrive\Desktop\STUB Data.rtf
2023-05-21 21:02:42,322 [main] DEBUG pack1.Keywords - Clicked the element using Actions Techniques i.e.  ChooseFile
2023-05-21 21:02:46,774 [main] DEBUG pack1.Keywords - File Uploaded
2023-05-21 21:02:48,524 [main] DEBUG pack1.Keywords - Submited the element SubmitUploadedFile
2023-05-21 21:02:49,795 [main] DEBUG pack1.Keywords - Changed to [0] Tab
2023-05-21 21:02:51,138 [main] DEBUG pack1.Keywords - Changed to [1] Tab
2023-05-21 21:02:52,419 [main] DEBUG pack1.Keywords - Changed to [0] Tab
2023-05-21 21:02:53,879 [main] DEBUG pack1.Keywords - Clicked the element using Actions Techniques i.e.  TryLogout
2023-05-21 21:02:55,182 [main] ERROR pack1.Keywords - Fail,unable to perform Mouse Click: Logout
2023-05-21 21:04:38,715 [main] DEBUG pack1.Keywords - Navigate URL: https://opensource-demo.orangehrmlive.com/web/index.php/auth/login
2023-05-21 21:04:38,728 [main] DEBUG pack1.Keywords - TimeTaken for URL Launched: 13867 milliseconds
2023-05-21 21:04:39,054 [main] DEBUG pack1.Keywords - Actual Title of the page: OrangeHRM
2023-05-21 21:04:39,195 [main] DEBUG pack1.Keywords - Actual Current URL of the page: https://opensource-demo.orangehrmlive.com/web/index.php/auth/login
2023-05-21 21:04:40,334 [main] DEBUG pack1.Keywords - Input value given for: Admin
2023-05-21 21:04:41,693 [main] DEBUG pack1.Keywords - Input value given for: admin123
2023-05-21 21:04:43,009 [main] DEBUG pack1.Keywords - Clicked the element: LoginButton
2023-05-21 21:04:46,096 [main] DEBUG pack1.Keywords - Clicked the element: Admin
2023-05-21 21:04:47,887 [main] DEBUG pack1.Keywords - Input value passed using Actions Techniques i.e. lokeshwaran
2023-05-21 21:04:49,042 [main] DEBUG pack1.Keywords - Double Click performed using Actions Techniques
2023-05-21 21:04:50,227 [main] DEBUG pack1.Keywords - Context Click or Right Click performed using Actions Techniques
2023-05-21 21:04:53,620 [main] DEBUG pack1.Keywords - Input value passed along with Keystroke using Actions Techniques i.e. lokeshwaran
2023-05-21 21:04:58,424 [main] DEBUG pack1.Keywords - Clicked the element: AddButton
2023-05-21 21:04:59,446 [main] DEBUG pack1.Keywords - ScrollDown till End
2023-05-21 21:05:00,729 [main] DEBUG pack1.Keywords - ScrollUp till Home
2023-05-21 21:05:03,047 [main] DEBUG pack1.Keywords - DropDown button clicked i.e. UserRoleSelection
2023-05-21 21:05:03,069 [main] DEBUG pack1.Keywords - Select the DropDown Value from List Admin
2023-05-21 21:05:03,928 [main] DEBUG pack1.Keywords - Shifted to Next Tab
2023-05-21 21:05:16,771 [main] DEBUG pack1.Keywords - Navigate URL: https://the-internet.herokuapp.com/upload
2023-05-21 21:05:16,772 [main] DEBUG pack1.Keywords - TimeTaken for URL Launched: 12630 milliseconds
2023-05-21 21:05:18,342 [main] DEBUG pack1.Keywords - Copied the Data in Clipboard i.e.C:\Users\Send2\OneDrive\Desktop\STUB Data.txt
2023-05-21 21:05:20,555 [main] DEBUG pack1.Keywords - Clicked the element using Actions Techniques i.e.  ChooseFile
2023-05-21 21:05:24,975 [main] DEBUG pack1.Keywords - File Uploaded
2023-05-21 21:05:26,715 [main] DEBUG pack1.Keywords - Submited the element SubmitUploadedFile
2023-05-21 21:05:28,053 [main] DEBUG pack1.Keywords - Changed to [0] Tab
2023-05-21 21:05:29,401 [main] DEBUG pack1.Keywords - Changed to [1] Tab
2023-05-21 21:05:30,693 [main] DEBUG pack1.Keywords - Changed to [0] Tab
2023-05-21 21:05:32,109 [main] DEBUG pack1.Keywords - Clicked the element using Actions Techniques i.e.  TryLogout
2023-05-21 21:05:33,630 [main] DEBUG pack1.Keywords - Clicked the element using Actions Techniques i.e.  Logout
2023-05-21 21:05:35,100 [main] DEBUG pack1.Keywords - Changed to [1] Tab
2023-05-21 21:05:35,621 [main] DEBUG pack1.Keywords - Navigate URL: https://demo.guru99.com/test/drag_drop.html
2023-05-21 21:05:35,621 [main] DEBUG pack1.Keywords - TimeTaken for URL Launched: 297 milliseconds
2023-05-21 21:05:35,675 [main] ERROR pack1.Keywords - Fail,unable to Scrollup till HOME
2023-05-21 21:06:59,695 [main] DEBUG pack1.Keywords - Navigate URL: https://opensource-demo.orangehrmlive.com/web/index.php/auth/login
2023-05-21 21:06:59,701 [main] DEBUG pack1.Keywords - TimeTaken for URL Launched: 14429 milliseconds
2023-05-21 21:07:00,226 [main] DEBUG pack1.Keywords - Actual Title of the page: OrangeHRM
2023-05-21 21:07:00,356 [main] DEBUG pack1.Keywords - Actual Current URL of the page: https://opensource-demo.orangehrmlive.com/web/index.php/auth/login
2023-05-21 21:07:01,491 [main] DEBUG pack1.Keywords - Input value given for: Admin
2023-05-21 21:07:03,373 [main] DEBUG pack1.Keywords - Input value given for: admin123
2023-05-21 21:07:04,808 [main] DEBUG pack1.Keywords - Clicked the element: LoginButton
2023-05-21 21:07:08,197 [main] DEBUG pack1.Keywords - Clicked the element: Admin
2023-05-21 21:07:09,997 [main] DEBUG pack1.Keywords - Input value passed using Actions Techniques i.e. lokeshwaran
2023-05-21 21:07:11,154 [main] DEBUG pack1.Keywords - Double Click performed using Actions Techniques
2023-05-21 21:07:12,309 [main] DEBUG pack1.Keywords - Context Click or Right Click performed using Actions Techniques
2023-05-21 21:07:15,607 [main] DEBUG pack1.Keywords - Input value passed along with Keystroke using Actions Techniques i.e. lokeshwaran
2023-05-21 21:07:20,370 [main] DEBUG pack1.Keywords - Clicked the element: AddButton
2023-05-21 21:07:21,389 [main] DEBUG pack1.Keywords - ScrollDown till End
2023-05-21 21:07:22,622 [main] DEBUG pack1.Keywords - ScrollUp till Home
2023-05-21 21:07:24,921 [main] DEBUG pack1.Keywords - DropDown button clicked i.e. UserRoleSelection
2023-05-21 21:07:24,942 [main] DEBUG pack1.Keywords - Select the DropDown Value from List Admin
2023-05-21 21:07:25,768 [main] DEBUG pack1.Keywords - Shifted to Next Tab
2023-05-21 21:07:29,278 [main] DEBUG pack1.Keywords - Navigate URL: https://the-internet.herokuapp.com/upload
2023-05-21 21:07:29,278 [main] DEBUG pack1.Keywords - TimeTaken for URL Launched: 3296 milliseconds
2023-05-21 21:07:30,799 [main] DEBUG pack1.Keywords - Copied the Data in Clipboard i.e.C:\Users\Send2\OneDrive\Desktop\STUB Data.txt
2023-05-21 21:07:33,023 [main] DEBUG pack1.Keywords - Clicked the element using Actions Techniques i.e.  ChooseFile
2023-05-21 21:07:37,415 [main] DEBUG pack1.Keywords - File Uploaded
2023-05-21 21:07:39,132 [main] DEBUG pack1.Keywords - Submited the element SubmitUploadedFile
2023-05-21 21:07:40,486 [main] DEBUG pack1.Keywords - Changed to [0] Tab
2023-05-21 21:07:41,848 [main] DEBUG pack1.Keywords - Changed to [1] Tab
2023-05-21 21:07:43,111 [main] DEBUG pack1.Keywords - Changed to [0] Tab
2023-05-21 21:07:44,519 [main] DEBUG pack1.Keywords - Clicked the element using Actions Techniques i.e.  TryLogout
2023-05-21 21:07:45,867 [main] ERROR pack1.Keywords - Fail,unable to perform Mouse Click: Logout
2023-05-21 21:21:12,059 [main] DEBUG pack1.Keywords - Navigate URL: https://opensource-demo.orangehrmlive.com/web/index.php/auth/login
2023-05-21 21:21:12,066 [main] DEBUG pack1.Keywords - TimeTaken for URL Launched: 8692 milliseconds
2023-05-21 21:21:12,385 [main] DEBUG pack1.Keywords - Actual Title of the page: OrangeHRM
2023-05-21 21:21:12,634 [main] DEBUG pack1.Keywords - Actual Current URL of the page: https://opensource-demo.orangehrmlive.com/web/index.php/auth/login
2023-05-21 21:21:13,762 [main] DEBUG pack1.Keywords - Input value given for: Admin
2023-05-21 21:21:15,083 [main] DEBUG pack1.Keywords - Input value given for: admin123
2023-05-21 21:21:16,323 [main] DEBUG pack1.Keywords - Clicked the element: LoginButton
2023-05-21 21:21:19,504 [main] DEBUG pack1.Keywords - Clicked the element: Admin
2023-05-21 21:21:21,310 [main] DEBUG pack1.Keywords - Input value passed using Actions Techniques i.e. lokeshwaran
2023-05-21 21:21:22,490 [main] DEBUG pack1.Keywords - Double Click performed using Actions Techniques
2023-05-21 21:21:23,674 [main] DEBUG pack1.Keywords - Context Click or Right Click performed using Actions Techniques
2023-05-21 21:21:27,095 [main] DEBUG pack1.Keywords - Input value passed along with Keystroke using Actions Techniques i.e. lokeshwaran
2023-05-21 21:21:31,828 [main] DEBUG pack1.Keywords - Clicked the element: AddButton
2023-05-21 21:21:32,855 [main] DEBUG pack1.Keywords - ScrollDown till End
2023-05-21 21:21:34,084 [main] DEBUG pack1.Keywords - ScrollUp till Home
2023-05-21 21:21:36,337 [main] DEBUG pack1.Keywords - DropDown button clicked i.e. UserRoleSelection
2023-05-21 21:21:36,359 [main] DEBUG pack1.Keywords - Select the DropDown Value from List Admin
2023-05-21 21:21:37,096 [main] DEBUG pack1.Keywords - Shifted to Next Tab
2023-05-21 21:21:40,209 [main] DEBUG pack1.Keywords - Navigate URL: https://the-internet.herokuapp.com/upload
2023-05-21 21:21:40,209 [main] DEBUG pack1.Keywords - TimeTaken for URL Launched: 2936 milliseconds
2023-05-21 21:21:41,436 [main] DEBUG pack1.Keywords - Copied the Data in Clipboard i.e.C:\Users\Send2\OneDrive\Desktop\STUB Data.txt
2023-05-21 21:21:43,641 [main] DEBUG pack1.Keywords - Clicked the element using Actions Techniques i.e.  ChooseFile
2023-05-21 21:21:47,813 [main] DEBUG pack1.Keywords - File Uploaded
2023-05-21 21:21:49,498 [main] DEBUG pack1.Keywords - Submited the element SubmitUploadedFile
2023-05-21 21:21:50,712 [main] DEBUG pack1.Keywords - Changed to [0] Tab
2023-05-21 21:21:51,982 [main] DEBUG pack1.Keywords - Changed to [1] Tab
2023-05-21 21:21:53,198 [main] DEBUG pack1.Keywords - Changed to [0] Tab
2023-05-21 21:21:54,574 [main] DEBUG pack1.Keywords - Clicked the element using Actions Techniques i.e.  TryLogout
2023-05-21 21:21:56,079 [main] DEBUG pack1.Keywords - Clicked the element using Actions Techniques i.e.  Logout
2023-05-21 21:21:57,364 [main] DEBUG pack1.Keywords - Changed to [1] Tab
2023-05-21 21:22:00,627 [main] ERROR pack1.Keywords - Fail,unable to navigate URL: https://demo.guru99.com/test/drag_drop.html
2023-05-21 21:23:08,103 [main] DEBUG pack1.Keywords - Navigate URL: https://opensource-demo.orangehrmlive.com/web/index.php/auth/login
2023-05-21 21:23:08,107 [main] DEBUG pack1.Keywords - TimeTaken for URL Launched: 3778 milliseconds
2023-05-21 21:23:08,386 [main] DEBUG pack1.Keywords - Actual Title of the page: OrangeHRM
2023-05-21 21:23:08,525 [main] DEBUG pack1.Keywords - Actual Current URL of the page: https://opensource-demo.orangehrmlive.com/web/index.php/auth/login
2023-05-21 21:23:09,641 [main] DEBUG pack1.Keywords - Input value given for: Admin
2023-05-21 21:23:10,981 [main] DEBUG pack1.Keywords - Input value given for: admin123
2023-05-21 21:23:12,257 [main] DEBUG pack1.Keywords - Clicked the element: LoginButton
2023-05-21 21:23:15,585 [main] DEBUG pack1.Keywords - Clicked the element: Admin
2023-05-21 21:23:17,410 [main] DEBUG pack1.Keywords - Input value passed using Actions Techniques i.e. lokeshwaran
2023-05-21 21:23:18,591 [main] DEBUG pack1.Keywords - Double Click performed using Actions Techniques
2023-05-21 21:23:19,815 [main] DEBUG pack1.Keywords - Context Click or Right Click performed using Actions Techniques
2023-05-21 21:23:23,190 [main] DEBUG pack1.Keywords - Input value passed along with Keystroke using Actions Techniques i.e. lokeshwaran
2023-05-21 21:23:28,112 [main] DEBUG pack1.Keywords - Clicked the element: AddButton
2023-05-21 21:23:29,135 [main] DEBUG pack1.Keywords - ScrollDown till End
2023-05-21 21:23:30,403 [main] DEBUG pack1.Keywords - ScrollUp till Home
2023-05-21 21:23:32,709 [main] DEBUG pack1.Keywords - DropDown button clicked i.e. UserRoleSelection
2023-05-21 21:23:32,730 [main] DEBUG pack1.Keywords - Select the DropDown Value from List Admin
2023-05-21 21:23:33,610 [main] DEBUG pack1.Keywords - Shifted to Next Tab
2023-05-21 21:23:36,738 [main] DEBUG pack1.Keywords - Navigate URL: https://the-internet.herokuapp.com/upload
2023-05-21 21:23:36,738 [main] DEBUG pack1.Keywords - TimeTaken for URL Launched: 2901 milliseconds
2023-05-21 21:23:38,030 [main] DEBUG pack1.Keywords - Copied the Data in Clipboard i.e.C:\Users\Send2\OneDrive\Desktop\STUB Data.txt
2023-05-21 21:23:40,235 [main] DEBUG pack1.Keywords - Clicked the element using Actions Techniques i.e.  ChooseFile
2023-05-21 21:23:44,461 [main] DEBUG pack1.Keywords - File Uploaded
2023-05-21 21:23:46,067 [main] DEBUG pack1.Keywords - Submited the element SubmitUploadedFile
2023-05-21 21:23:47,325 [main] DEBUG pack1.Keywords - Changed to [0] Tab
2023-05-21 21:23:48,586 [main] DEBUG pack1.Keywords - Changed to [1] Tab
2023-05-21 21:23:49,796 [main] DEBUG pack1.Keywords - Changed to [0] Tab
2023-05-21 21:23:51,164 [main] DEBUG pack1.Keywords - Clicked the element using Actions Techniques i.e.  TryLogout
2023-05-21 21:23:52,670 [main] DEBUG pack1.Keywords - Clicked the element using Actions Techniques i.e.  Logout
2023-05-21 21:23:54,017 [main] DEBUG pack1.Keywords - Changed to [1] Tab
2023-05-21 21:23:56,784 [main] DEBUG pack1.Keywords - Navigate URL: https://demo.guru99.com/test/drag_drop.html
2023-05-21 21:23:56,790 [main] DEBUG pack1.Keywords - TimeTaken for URL Launched: 2646 milliseconds
2023-05-21 21:23:57,041 [main] DEBUG pack1.Keywords - Page Srolled till element
2023-05-21 21:23:59,620 [main] DEBUG pack1.Keywords - Element drag and dropped !
2023-05-21 21:24:01,842 [main] DEBUG pack1.Keywords - Changed to [0] Tab
2023-05-21 21:24:03,095 [main] DEBUG pack1.Keywords - Changed to [1] Tab
2023-05-21 21:24:03,930 [main] DEBUG pack1.Keywords - Navigate URL: https://demo.guru99.com/test/delete_customer.php
2023-05-21 21:24:03,930 [main] DEBUG pack1.Keywords - TimeTaken for URL Launched: 614 milliseconds
2023-05-21 21:24:05,466 [main] DEBUG pack1.Keywords - Input value given for: Admin
2023-05-21 21:24:06,811 [main] DEBUG pack1.Keywords - Clicked the element: SubmitCustomerForm
2023-05-21 21:24:10,042 [main] DEBUG pack1.Keywords - Quit all the browser
